------------ Options -------------
amsgrad: False
arch: mconvnet
batch_size: 1
beta1: 0.9
checkpoints_dir: ./checkpoints
continue_train: False
dataroot: ./data/datasets/Nodule-98-30K
dataset_mode: classification
dropout: 0
epoch_count: 1
export_folder: 
fc_n: [100]
flip_edges: 0
gpu_ids: [0]
init_gain: 0.02
init_type: normal
is_train: True
lr: 0.001
lr_decay_iters: 50
lr_policy: lambda
max_dataset_size: inf
name: Nodule-98-30K-4
ncf: [32, 64, 256]
ninput_edges: 30000
niter: 50
niter_decay: 10
no_vis: False
norm: batch
num_aug: 1
num_groups: 16
num_threads: 3
phase: train
plus: False
pool_res: [20000, 15000, 10000]
print_freq: 10
resblocks: 3
run_test_freq: 1
save_epoch_freq: 1
save_latest_freq: 250
scale_verts: False
seed: None
serial_batches: False
slide_verts: 0
verbose_plot: False
which_epoch: latest
-------------- End ----------------
loaded mean / std from cache
#training meshes = 78
---------- Network initialized -------------
[Network] Total number of parameters : 1.182 M
-----------------------------------------------
saving the latest model (epoch 1, total_steps 1)
(epoch: 1, iters: 10, time: 2.701, data: 0.240) loss: 0.225 
(epoch: 1, iters: 20, time: 2.623, data: 0.000) loss: 0.552 
(epoch: 1, iters: 30, time: 2.601, data: 0.056) loss: 0.758 
(epoch: 1, iters: 40, time: 2.601, data: 0.076) loss: 0.684 
(epoch: 1, iters: 50, time: 2.646, data: 0.000) loss: 0.734 
(epoch: 1, iters: 60, time: 2.638, data: 0.031) loss: 0.646 
(epoch: 1, iters: 70, time: 2.636, data: 0.050) loss: 0.660 
saving the model at the end of epoch 1, iters 78
End of epoch 1 / 60 	, Time Taken: 208 sec, Loss: 0.725
learning rate = 0.0010000
Running Test
loaded mean / std from cache
loading the model from ./checkpoints/Nodule-98-30K-4/latest_net.pth
epoch: 1, TEST ACC: [50.00%], LOSS: 0.694

saving the latest model (epoch 2, total_steps 79)
(epoch: 2, iters: 2, time: 2.685, data: 0.000) loss: 0.663 
(epoch: 2, iters: 12, time: 2.641, data: 0.000) loss: 0.644 
(epoch: 2, iters: 22, time: 2.630, data: 0.000) loss: 0.758 
(epoch: 2, iters: 32, time: 2.676, data: 0.013) loss: 0.731 
(epoch: 2, iters: 42, time: 2.702, data: 0.015) loss: 0.726 
(epoch: 2, iters: 52, time: 2.629, data: 0.014) loss: 0.723 
(epoch: 2, iters: 62, time: 2.638, data: 0.054) loss: 0.673 
(epoch: 2, iters: 72, time: 2.603, data: 0.016) loss: 0.718 
saving the model at the end of epoch 2, iters 156
End of epoch 2 / 60 	, Time Taken: 207 sec, Loss: 0.673
learning rate = 0.0010000
Running Test
loaded mean / std from cache
loading the model from ./checkpoints/Nodule-98-30K-4/latest_net.pth
epoch: 2, TEST ACC: [55.00%], LOSS: 0.696

saving the latest model (epoch 3, total_steps 157)
(epoch: 3, iters: 4, time: 2.597, data: 0.000) loss: 0.677 
(epoch: 3, iters: 14, time: 2.614, data: 0.039) loss: 0.675 
(epoch: 3, iters: 24, time: 2.710, data: 0.000) loss: 0.669 
(epoch: 3, iters: 34, time: 2.626, data: 0.028) loss: 0.722 
(epoch: 3, iters: 44, time: 2.608, data: 0.015) loss: 0.713 
(epoch: 3, iters: 54, time: 2.631, data: 0.000) loss: 0.710 
(epoch: 3, iters: 64, time: 2.644, data: 0.000) loss: 0.682 
(epoch: 3, iters: 74, time: 2.600, data: 0.000) loss: 0.684 
saving the model at the end of epoch 3, iters 234
End of epoch 3 / 60 	, Time Taken: 207 sec, Loss: 0.684
learning rate = 0.0010000
Running Test
loaded mean / std from cache
loading the model from ./checkpoints/Nodule-98-30K-4/latest_net.pth
epoch: 3, TEST ACC: [50.00%], LOSS: 0.693

saving the latest model (epoch 4, total_steps 235)
(epoch: 4, iters: 6, time: 2.697, data: 0.000) loss: 0.685 
(epoch: 4, iters: 16, time: 2.654, data: 0.000) loss: 0.684 
(epoch: 4, iters: 26, time: 2.651, data: 0.000) loss: 0.682 
(epoch: 4, iters: 36, time: 2.634, data: 0.016) loss: 0.681 
(epoch: 4, iters: 46, time: 2.612, data: 0.013) loss: 0.684 
(epoch: 4, iters: 56, time: 2.704, data: 0.000) loss: 0.703 
(epoch: 4, iters: 66, time: 2.619, data: 0.000) loss: 0.686 
(epoch: 4, iters: 76, time: 2.599, data: 0.035) loss: 0.686 
saving the model at the end of epoch 4, iters 312
End of epoch 4 / 60 	, Time Taken: 209 sec, Loss: 0.700
learning rate = 0.0010000
Running Test
loaded mean / std from cache
loading the model from ./checkpoints/Nodule-98-30K-4/latest_net.pth
epoch: 4, TEST ACC: [45.00%], LOSS: 0.694

saving the latest model (epoch 5, total_steps 313)
(epoch: 5, iters: 8, time: 2.615, data: 0.000) loss: 0.700 
(epoch: 5, iters: 18, time: 2.630, data: 0.015) loss: 0.688 
(epoch: 5, iters: 28, time: 2.634, data: 0.033) loss: 0.696 
(epoch: 5, iters: 38, time: 2.659, data: 0.000) loss: 0.694 
(epoch: 5, iters: 48, time: 2.664, data: 0.000) loss: 0.692 
(epoch: 5, iters: 58, time: 2.633, data: 0.014) loss: 0.690 
(epoch: 5, iters: 68, time: 2.610, data: 0.000) loss: 0.682 
(epoch: 5, iters: 78, time: 2.628, data: 0.000) loss: 0.725 
saving the model at the end of epoch 5, iters 390
End of epoch 5 / 60 	, Time Taken: 207 sec, Loss: 0.725
learning rate = 0.0010000
Running Test
loaded mean / std from cache
loading the model from ./checkpoints/Nodule-98-30K-4/latest_net.pth
epoch: 5, TEST ACC: [50.00%], LOSS: 0.697

saving the latest model (epoch 6, total_steps 391)
(epoch: 6, iters: 10, time: 2.643, data: 0.216) loss: 0.706 
(epoch: 6, iters: 20, time: 2.613, data: 0.000) loss: 0.689 
(epoch: 6, iters: 30, time: 2.726, data: 0.015) loss: 0.698 
(epoch: 6, iters: 40, time: 2.602, data: 0.016) loss: 0.688 
(epoch: 6, iters: 50, time: 2.626, data: 0.000) loss: 0.686 
(epoch: 6, iters: 60, time: 2.631, data: 0.023) loss: 0.700 
(epoch: 6, iters: 70, time: 2.736, data: 0.000) loss: 0.698 
saving the model at the end of epoch 6, iters 468
End of epoch 6 / 60 	, Time Taken: 208 sec, Loss: 0.689
learning rate = 0.0010000
Running Test
loaded mean / std from cache
loading the model from ./checkpoints/Nodule-98-30K-4/latest_net.pth
epoch: 6, TEST ACC: [45.00%], LOSS: 0.696

saving the latest model (epoch 7, total_steps 469)
(epoch: 7, iters: 2, time: 2.627, data: 0.079) loss: 0.689 
(epoch: 7, iters: 12, time: 2.625, data: 0.067) loss: 0.687 
(epoch: 7, iters: 22, time: 2.647, data: 0.000) loss: 0.683 
(epoch: 7, iters: 32, time: 2.608, data: 0.000) loss: 0.683 
(epoch: 7, iters: 42, time: 2.600, data: 0.034) loss: 0.683 
(epoch: 7, iters: 52, time: 2.644, data: 0.014) loss: 0.703 
(epoch: 7, iters: 62, time: 2.695, data: 0.000) loss: 0.685 
(epoch: 7, iters: 72, time: 2.634, data: 0.016) loss: 0.702 
saving the model at the end of epoch 7, iters 546
End of epoch 7 / 60 	, Time Taken: 208 sec, Loss: 0.701
learning rate = 0.0010000
Running Test
loaded mean / std from cache
loading the model from ./checkpoints/Nodule-98-30K-4/latest_net.pth
epoch: 7, TEST ACC: [55.00%], LOSS: 0.695

saving the latest model (epoch 8, total_steps 547)
(epoch: 8, iters: 4, time: 2.676, data: 0.014) loss: 0.686 
(epoch: 8, iters: 14, time: 2.640, data: 0.055) loss: 0.685 
(epoch: 8, iters: 24, time: 2.649, data: 0.000) loss: 0.703 
(epoch: 8, iters: 34, time: 2.623, data: 0.014) loss: 0.684 
(epoch: 8, iters: 44, time: 2.694, data: 0.000) loss: 0.684 
(epoch: 8, iters: 54, time: 2.644, data: 0.000) loss: 0.682 
(epoch: 8, iters: 64, time: 2.628, data: 0.015) loss: 0.704 
(epoch: 8, iters: 74, time: 2.615, data: 0.000) loss: 0.702 
saving the model at the end of epoch 8, iters 624
End of epoch 8 / 60 	, Time Taken: 208 sec, Loss: 0.701
learning rate = 0.0010000
Running Test
loaded mean / std from cache
loading the model from ./checkpoints/Nodule-98-30K-4/latest_net.pth
epoch: 8, TEST ACC: [50.00%], LOSS: 0.696

saving the latest model (epoch 9, total_steps 625)
(epoch: 9, iters: 6, time: 2.631, data: 0.013) loss: 0.686 
(epoch: 9, iters: 16, time: 2.615, data: 0.000) loss: 0.684 
(epoch: 9, iters: 26, time: 2.699, data: 0.000) loss: 0.681 
(epoch: 9, iters: 36, time: 2.650, data: 0.042) loss: 0.681 
(epoch: 9, iters: 46, time: 2.639, data: 0.000) loss: 0.708 
(epoch: 9, iters: 56, time: 2.620, data: 0.000) loss: 0.706 
(epoch: 9, iters: 66, time: 2.609, data: 0.013) loss: 0.685 
(epoch: 9, iters: 76, time: 2.732, data: 0.000) loss: 0.699 
saving the model at the end of epoch 9, iters 702
End of epoch 9 / 60 	, Time Taken: 208 sec, Loss: 0.688
learning rate = 0.0010000
Running Test
loaded mean / std from cache
loading the model from ./checkpoints/Nodule-98-30K-4/latest_net.pth
epoch: 9, TEST ACC: [45.00%], LOSS: 0.696

saving the latest model (epoch 10, total_steps 703)
(epoch: 10, iters: 8, time: 2.645, data: 0.009) loss: 0.696 
(epoch: 10, iters: 18, time: 2.714, data: 0.014) loss: 0.695 
(epoch: 10, iters: 28, time: 2.630, data: 0.014) loss: 0.698 
(epoch: 10, iters: 38, time: 2.611, data: 0.085) loss: 0.691 
(epoch: 10, iters: 48, time: 2.654, data: 0.000) loss: 0.691 
(epoch: 10, iters: 58, time: 2.665, data: 0.000) loss: 0.698 
(epoch: 10, iters: 68, time: 2.634, data: 0.013) loss: 0.697 
(epoch: 10, iters: 78, time: 2.602, data: 0.056) loss: 0.693 
saving the model at the end of epoch 10, iters 780
End of epoch 10 / 60 	, Time Taken: 208 sec, Loss: 0.693
learning rate = 0.0010000
Running Test
loaded mean / std from cache
loading the model from ./checkpoints/Nodule-98-30K-4/latest_net.pth
epoch: 10, TEST ACC: [45.00%], LOSS: 0.695

saving the latest model (epoch 11, total_steps 781)
(epoch: 11, iters: 10, time: 2.680, data: 0.315) loss: 0.690 
(epoch: 11, iters: 20, time: 2.619, data: 0.013) loss: 0.689 
(epoch: 11, iters: 30, time: 2.639, data: 0.000) loss: 0.697 
(epoch: 11, iters: 40, time: 2.602, data: 0.000) loss: 0.696 
(epoch: 11, iters: 50, time: 2.671, data: 0.000) loss: 0.694 
(epoch: 11, iters: 60, time: 2.636, data: 0.038) loss: 0.695 
(epoch: 11, iters: 70, time: 2.621, data: 0.000) loss: 0.694 
saving the model at the end of epoch 11, iters 858
End of epoch 11 / 60 	, Time Taken: 207 sec, Loss: 0.693
learning rate = 0.0010000
Running Test
loaded mean / std from cache
loading the model from ./checkpoints/Nodule-98-30K-4/latest_net.pth
epoch: 11, TEST ACC: [50.00%], LOSS: 0.696

saving the latest model (epoch 12, total_steps 859)
(epoch: 12, iters: 2, time: 2.623, data: 0.000) loss: 0.694 
(epoch: 12, iters: 12, time: 2.610, data: 0.000) loss: 0.695 
(epoch: 12, iters: 22, time: 2.612, data: 0.000) loss: 0.695 
(epoch: 12, iters: 32, time: 2.649, data: 0.078) loss: 0.695 
(epoch: 12, iters: 42, time: 2.616, data: 0.000) loss: 0.694 
(epoch: 12, iters: 52, time: 2.630, data: 0.059) loss: 0.693 
(epoch: 12, iters: 62, time: 2.623, data: 0.000) loss: 0.693 
(epoch: 12, iters: 72, time: 2.689, data: 0.052) loss: 0.693 
saving the model at the end of epoch 12, iters 936
End of epoch 12 / 60 	, Time Taken: 208 sec, Loss: 0.696
learning rate = 0.0010000
Running Test
loaded mean / std from cache
loading the model from ./checkpoints/Nodule-98-30K-4/latest_net.pth
epoch: 12, TEST ACC: [40.00%], LOSS: 0.698

saving the latest model (epoch 13, total_steps 937)
(epoch: 13, iters: 4, time: 2.626, data: 0.000) loss: 0.695 
(epoch: 13, iters: 14, time: 2.652, data: 0.000) loss: 0.693 
(epoch: 13, iters: 24, time: 2.709, data: 0.000) loss: 0.693 
(epoch: 13, iters: 34, time: 2.622, data: 0.014) loss: 0.692 
(epoch: 13, iters: 44, time: 2.626, data: 0.000) loss: 0.694 
(epoch: 13, iters: 54, time: 2.659, data: 0.000) loss: 0.692 
(epoch: 13, iters: 64, time: 2.700, data: 0.000) loss: 0.693 
(epoch: 13, iters: 74, time: 2.580, data: 0.000) loss: 0.692 
saving the model at the end of epoch 13, iters 1014
End of epoch 13 / 60 	, Time Taken: 208 sec, Loss: 0.695
learning rate = 0.0010000
Running Test
loaded mean / std from cache
loading the model from ./checkpoints/Nodule-98-30K-4/latest_net.pth
epoch: 13, TEST ACC: [50.00%], LOSS: 0.697

saving the latest model (epoch 14, total_steps 1015)
(epoch: 14, iters: 6, time: 2.721, data: 0.000) loss: 0.692 
(epoch: 14, iters: 16, time: 2.622, data: 0.000) loss: 0.696 
(epoch: 14, iters: 26, time: 2.633, data: 0.000) loss: 0.688 
(epoch: 14, iters: 36, time: 2.652, data: 0.000) loss: 0.699 
(epoch: 14, iters: 46, time: 2.638, data: 0.000) loss: 0.696 
(epoch: 14, iters: 56, time: 2.681, data: 0.034) loss: 0.693 
(epoch: 14, iters: 66, time: 2.650, data: 0.000) loss: 0.693 
(epoch: 14, iters: 76, time: 2.617, data: 0.000) loss: 0.695 
saving the model at the end of epoch 14, iters 1092
End of epoch 14 / 60 	, Time Taken: 208 sec, Loss: 0.695
learning rate = 0.0010000
Running Test
loaded mean / std from cache
loading the model from ./checkpoints/Nodule-98-30K-4/latest_net.pth
epoch: 14, TEST ACC: [50.00%], LOSS: 0.696

saving the latest model (epoch 15, total_steps 1093)
(epoch: 15, iters: 8, time: 2.643, data: 0.009) loss: 0.698 
(epoch: 15, iters: 18, time: 2.648, data: 0.000) loss: 0.688 
(epoch: 15, iters: 28, time: 2.654, data: 0.000) loss: 0.689 
(epoch: 15, iters: 38, time: 2.630, data: 0.000) loss: 0.698 
(epoch: 15, iters: 48, time: 2.641, data: 0.000) loss: 0.687 
(epoch: 15, iters: 58, time: 2.613, data: 0.000) loss: 0.702 
(epoch: 15, iters: 68, time: 2.634, data: 0.034) loss: 0.701 
(epoch: 15, iters: 78, time: 2.636, data: 0.000) loss: 0.699 
saving the model at the end of epoch 15, iters 1170
End of epoch 15 / 60 	, Time Taken: 208 sec, Loss: 0.699
learning rate = 0.0010000
Running Test
loaded mean / std from cache
loading the model from ./checkpoints/Nodule-98-30K-4/latest_net.pth
epoch: 15, TEST ACC: [50.00%], LOSS: 0.695

saving the latest model (epoch 16, total_steps 1171)
(epoch: 16, iters: 10, time: 2.663, data: 0.328) loss: 0.699 
(epoch: 16, iters: 20, time: 2.738, data: 0.000) loss: 0.689 
(epoch: 16, iters: 30, time: 2.638, data: 0.000) loss: 0.690 
(epoch: 16, iters: 40, time: 2.635, data: 0.014) loss: 0.698 
(epoch: 16, iters: 50, time: 2.620, data: 0.000) loss: 0.700 
(epoch: 16, iters: 60, time: 2.644, data: 0.000) loss: 0.688 
(epoch: 16, iters: 70, time: 2.710, data: 0.013) loss: 0.687 
saving the model at the end of epoch 16, iters 1248
End of epoch 16 / 60 	, Time Taken: 208 sec, Loss: 0.699
learning rate = 0.0010000
Running Test
loaded mean / std from cache
loading the model from ./checkpoints/Nodule-98-30K-4/latest_net.pth
epoch: 16, TEST ACC: [50.00%], LOSS: 0.697

saving the latest model (epoch 17, total_steps 1249)
(epoch: 17, iters: 2, time: 2.625, data: 0.000) loss: 0.698 
(epoch: 17, iters: 12, time: 2.645, data: 0.000) loss: 0.696 
(epoch: 17, iters: 22, time: 2.646, data: 0.036) loss: 0.693 
(epoch: 17, iters: 32, time: 2.666, data: 0.000) loss: 0.694 
(epoch: 17, iters: 42, time: 2.622, data: 0.023) loss: 0.693 
(epoch: 17, iters: 52, time: 2.634, data: 0.014) loss: 0.695 
(epoch: 17, iters: 62, time: 2.634, data: 0.057) loss: 0.692 
(epoch: 17, iters: 72, time: 2.626, data: 0.000) loss: 0.691 
saving the model at the end of epoch 17, iters 1326
End of epoch 17 / 60 	, Time Taken: 208 sec, Loss: 0.696
learning rate = 0.0010000
Running Test
loaded mean / std from cache
loading the model from ./checkpoints/Nodule-98-30K-4/latest_net.pth
epoch: 17, TEST ACC: [45.00%], LOSS: 0.698

saving the latest model (epoch 18, total_steps 1327)
(epoch: 18, iters: 4, time: 2.635, data: 0.048) loss: 0.691 
(epoch: 18, iters: 14, time: 2.644, data: 0.000) loss: 0.690 
(epoch: 18, iters: 24, time: 2.640, data: 0.027) loss: 0.688 
(epoch: 18, iters: 34, time: 2.645, data: 0.000) loss: 0.697 
(epoch: 18, iters: 44, time: 2.675, data: 0.000) loss: 0.688 
(epoch: 18, iters: 54, time: 2.610, data: 0.013) loss: 0.700 
(epoch: 18, iters: 64, time: 2.643, data: 0.035) loss: 0.699 
(epoch: 18, iters: 74, time: 2.617, data: 0.000) loss: 0.689 
saving the model at the end of epoch 18, iters 1404
End of epoch 18 / 60 	, Time Taken: 208 sec, Loss: 0.697
learning rate = 0.0010000
Running Test
loaded mean / std from cache
loading the model from ./checkpoints/Nodule-98-30K-4/latest_net.pth
epoch: 18, TEST ACC: [45.00%], LOSS: 0.697

saving the latest model (epoch 19, total_steps 1405)
(epoch: 19, iters: 6, time: 2.642, data: 0.021) loss: 0.696 
(epoch: 19, iters: 16, time: 2.627, data: 0.000) loss: 0.690 
(epoch: 19, iters: 26, time: 2.677, data: 0.000) loss: 0.698 
(epoch: 19, iters: 36, time: 2.607, data: 0.013) loss: 0.686 
(epoch: 19, iters: 46, time: 2.653, data: 0.000) loss: 0.685 
(epoch: 19, iters: 56, time: 2.634, data: 0.000) loss: 0.685 
(epoch: 19, iters: 66, time: 2.713, data: 0.000) loss: 0.685 
(epoch: 19, iters: 76, time: 2.640, data: 0.000) loss: 0.700 
saving the model at the end of epoch 19, iters 1482
End of epoch 19 / 60 	, Time Taken: 207 sec, Loss: 0.699
learning rate = 0.0010000
Running Test
loaded mean / std from cache
loading the model from ./checkpoints/Nodule-98-30K-4/latest_net.pth
epoch: 19, TEST ACC: [55.00%], LOSS: 0.698

saving the latest model (epoch 20, total_steps 1483)
(epoch: 20, iters: 8, time: 2.660, data: 0.009) loss: 0.690 
(epoch: 20, iters: 18, time: 2.660, data: 0.000) loss: 0.695 
(epoch: 20, iters: 28, time: 2.636, data: 0.052) loss: 0.695 
(epoch: 20, iters: 38, time: 2.623, data: 0.000) loss: 0.695 
(epoch: 20, iters: 48, time: 2.628, data: 0.014) loss: 0.689 
(epoch: 20, iters: 58, time: 2.702, data: 0.000) loss: 0.690 
(epoch: 20, iters: 68, time: 2.643, data: 0.000) loss: 0.689 
(epoch: 20, iters: 78, time: 2.620, data: 0.035) loss: 0.697 
saving the model at the end of epoch 20, iters 1560
End of epoch 20 / 60 	, Time Taken: 207 sec, Loss: 0.697
learning rate = 0.0010000
Running Test
loaded mean / std from cache
loading the model from ./checkpoints/Nodule-98-30K-4/latest_net.pth
epoch: 20, TEST ACC: [55.00%], LOSS: 0.696

saving the latest model (epoch 21, total_steps 1561)
(epoch: 21, iters: 10, time: 2.618, data: 0.225) loss: 0.697 
(epoch: 21, iters: 20, time: 2.604, data: 0.014) loss: 0.698 
(epoch: 21, iters: 30, time: 2.632, data: 0.000) loss: 0.688 
(epoch: 21, iters: 40, time: 2.641, data: 0.000) loss: 0.699 
(epoch: 21, iters: 50, time: 2.622, data: 0.000) loss: 0.698 
(epoch: 21, iters: 60, time: 2.640, data: 0.000) loss: 0.696 
(epoch: 21, iters: 70, time: 2.627, data: 0.000) loss: 0.691 
saving the model at the end of epoch 21, iters 1638
End of epoch 21 / 60 	, Time Taken: 209 sec, Loss: 0.695
learning rate = 0.0010000
Running Test
loaded mean / std from cache
loading the model from ./checkpoints/Nodule-98-30K-4/latest_net.pth
epoch: 21, TEST ACC: [50.00%], LOSS: 0.697

saving the latest model (epoch 22, total_steps 1639)
(epoch: 22, iters: 2, time: 2.614, data: 0.000) loss: 0.691 
(epoch: 22, iters: 12, time: 2.645, data: 0.014) loss: 0.692 
(epoch: 22, iters: 22, time: 2.644, data: 0.013) loss: 0.693 
(epoch: 22, iters: 32, time: 2.655, data: 0.000) loss: 0.691 
(epoch: 22, iters: 42, time: 2.621, data: 0.000) loss: 0.696 
(epoch: 22, iters: 52, time: 2.623, data: 0.000) loss: 0.690 
(epoch: 22, iters: 62, time: 2.615, data: 0.037) loss: 0.690 
(epoch: 22, iters: 72, time: 2.616, data: 0.000) loss: 0.694 
saving the model at the end of epoch 22, iters 1716
End of epoch 22 / 60 	, Time Taken: 207 sec, Loss: 0.694
learning rate = 0.0010000
Running Test
loaded mean / std from cache
loading the model from ./checkpoints/Nodule-98-30K-4/latest_net.pth
epoch: 22, TEST ACC: [45.00%], LOSS: 0.696

saving the latest model (epoch 23, total_steps 1717)
(epoch: 23, iters: 4, time: 2.627, data: 0.000) loss: 0.692 
(epoch: 23, iters: 14, time: 2.705, data: 0.016) loss: 0.690 
(epoch: 23, iters: 24, time: 2.633, data: 0.036) loss: 0.699 
(epoch: 23, iters: 34, time: 2.602, data: 0.000) loss: 0.687 
(epoch: 23, iters: 44, time: 2.620, data: 0.075) loss: 0.699 
(epoch: 23, iters: 54, time: 2.623, data: 0.000) loss: 0.687 
(epoch: 23, iters: 64, time: 2.647, data: 0.027) loss: 0.687 
(epoch: 23, iters: 74, time: 2.636, data: 0.000) loss: 0.687 
saving the model at the end of epoch 23, iters 1794
End of epoch 23 / 60 	, Time Taken: 207 sec, Loss: 0.698
learning rate = 0.0010000
Running Test
loaded mean / std from cache
loading the model from ./checkpoints/Nodule-98-30K-4/latest_net.pth
epoch: 23, TEST ACC: [50.00%], LOSS: 0.698

saving the latest model (epoch 24, total_steps 1795)
(epoch: 24, iters: 6, time: 2.698, data: 0.000) loss: 0.696 
(epoch: 24, iters: 16, time: 2.617, data: 0.000) loss: 0.694 
(epoch: 24, iters: 26, time: 2.646, data: 0.000) loss: 0.694 
(epoch: 24, iters: 36, time: 2.614, data: 0.056) loss: 0.692 
(epoch: 24, iters: 46, time: 2.723, data: 0.000) loss: 0.693 
(epoch: 24, iters: 56, time: 2.627, data: 0.000) loss: 0.693 
(epoch: 24, iters: 66, time: 2.643, data: 0.015) loss: 0.693 
(epoch: 24, iters: 76, time: 2.613, data: 0.028) loss: 0.693 
saving the model at the end of epoch 24, iters 1872
End of epoch 24 / 60 	, Time Taken: 207 sec, Loss: 0.693
learning rate = 0.0010000
Running Test
loaded mean / std from cache
loading the model from ./checkpoints/Nodule-98-30K-4/latest_net.pth
epoch: 24, TEST ACC: [50.00%], LOSS: 0.698

saving the latest model (epoch 25, total_steps 1873)
(epoch: 25, iters: 8, time: 2.658, data: 0.000) loss: 0.692 
(epoch: 25, iters: 18, time: 2.623, data: 0.000) loss: 0.697 
(epoch: 25, iters: 28, time: 2.629, data: 0.055) loss: 0.697 
(epoch: 25, iters: 38, time: 2.646, data: 0.077) loss: 0.692 
(epoch: 25, iters: 48, time: 2.650, data: 0.077) loss: 0.693 
(epoch: 25, iters: 58, time: 2.644, data: 0.031) loss: 0.693 
(epoch: 25, iters: 68, time: 2.662, data: 0.026) loss: 0.692 
(epoch: 25, iters: 78, time: 2.650, data: 0.048) loss: 0.695 
saving the model at the end of epoch 25, iters 1950
End of epoch 25 / 60 	, Time Taken: 208 sec, Loss: 0.695
learning rate = 0.0010000
Running Test
loaded mean / std from cache
loading the model from ./checkpoints/Nodule-98-30K-4/latest_net.pth
epoch: 25, TEST ACC: [50.00%], LOSS: 0.696

saving the latest model (epoch 26, total_steps 1951)
(epoch: 26, iters: 10, time: 2.610, data: 0.229) loss: 0.694 
(epoch: 26, iters: 20, time: 2.687, data: 0.000) loss: 0.698 
(epoch: 26, iters: 30, time: 2.638, data: 0.014) loss: 0.688 
(epoch: 26, iters: 40, time: 2.612, data: 0.077) loss: 0.687 
(epoch: 26, iters: 50, time: 2.640, data: 0.042) loss: 0.700 
(epoch: 26, iters: 60, time: 2.685, data: 0.014) loss: 0.699 
(epoch: 26, iters: 70, time: 2.614, data: 0.000) loss: 0.689 
saving the model at the end of epoch 26, iters 2028
End of epoch 26 / 60 	, Time Taken: 208 sec, Loss: 0.696
learning rate = 0.0010000
Running Test
loaded mean / std from cache
loading the model from ./checkpoints/Nodule-98-30K-4/latest_net.pth
epoch: 26, TEST ACC: [55.00%], LOSS: 0.697

saving the latest model (epoch 27, total_steps 2029)
(epoch: 27, iters: 2, time: 2.658, data: 0.025) loss: 0.696 
(epoch: 27, iters: 12, time: 2.628, data: 0.000) loss: 0.694 
(epoch: 27, iters: 22, time: 2.657, data: 0.000) loss: 0.693 
(epoch: 27, iters: 32, time: 2.642, data: 0.023) loss: 0.691 
(epoch: 27, iters: 42, time: 2.616, data: 0.077) loss: 0.695 
(epoch: 27, iters: 52, time: 2.676, data: 0.000) loss: 0.693 
(epoch: 27, iters: 62, time: 2.649, data: 0.014) loss: 0.692 
(epoch: 27, iters: 72, time: 2.638, data: 0.022) loss: 0.694 
saving the model at the end of epoch 27, iters 2106
End of epoch 27 / 60 	, Time Taken: 208 sec, Loss: 0.694
learning rate = 0.0010000
Running Test
loaded mean / std from cache
loading the model from ./checkpoints/Nodule-98-30K-4/latest_net.pth
epoch: 27, TEST ACC: [50.00%], LOSS: 0.697

saving the latest model (epoch 28, total_steps 2107)
(epoch: 28, iters: 4, time: 2.644, data: 0.063) loss: 0.692 
(epoch: 28, iters: 14, time: 2.635, data: 0.060) loss: 0.690 
(epoch: 28, iters: 24, time: 2.651, data: 0.000) loss: 0.686 
(epoch: 28, iters: 34, time: 2.660, data: 0.000) loss: 0.702 
(epoch: 28, iters: 44, time: 2.614, data: 0.015) loss: 0.699 
(epoch: 28, iters: 54, time: 2.640, data: 0.015) loss: 0.690 
(epoch: 28, iters: 64, time: 2.618, data: 0.000) loss: 0.695 
(epoch: 28, iters: 74, time: 2.616, data: 0.061) loss: 0.694 
saving the model at the end of epoch 28, iters 2184
End of epoch 28 / 60 	, Time Taken: 207 sec, Loss: 0.694
learning rate = 0.0010000
Running Test
loaded mean / std from cache
loading the model from ./checkpoints/Nodule-98-30K-4/latest_net.pth
epoch: 28, TEST ACC: [45.00%], LOSS: 0.696

saving the latest model (epoch 29, total_steps 2185)
(epoch: 29, iters: 6, time: 2.616, data: 0.060) loss: 0.694 
(epoch: 29, iters: 16, time: 2.717, data: 0.022) loss: 0.695 
(epoch: 29, iters: 26, time: 2.664, data: 0.038) loss: 0.693 
(epoch: 29, iters: 36, time: 2.655, data: 0.055) loss: 0.692 
(epoch: 29, iters: 46, time: 2.631, data: 0.049) loss: 0.689 
(epoch: 29, iters: 56, time: 2.631, data: 0.035) loss: 0.698 
(epoch: 29, iters: 66, time: 2.693, data: 0.000) loss: 0.691 
(epoch: 29, iters: 76, time: 2.606, data: 0.000) loss: 0.693 
saving the model at the end of epoch 29, iters 2262
End of epoch 29 / 60 	, Time Taken: 208 sec, Loss: 0.694
learning rate = 0.0010000
Running Test
loaded mean / std from cache
loading the model from ./checkpoints/Nodule-98-30K-4/latest_net.pth
epoch: 29, TEST ACC: [50.00%], LOSS: 0.695

saving the latest model (epoch 30, total_steps 2263)
(epoch: 30, iters: 8, time: 2.801, data: 0.000) loss: 0.693 
(epoch: 30, iters: 18, time: 2.633, data: 0.000) loss: 0.692 
(epoch: 30, iters: 28, time: 2.621, data: 0.000) loss: 0.690 
(epoch: 30, iters: 38, time: 2.661, data: 0.015) loss: 0.696 
(epoch: 30, iters: 48, time: 2.642, data: 0.022) loss: 0.695 
(epoch: 30, iters: 58, time: 2.630, data: 0.000) loss: 0.694 
(epoch: 30, iters: 68, time: 2.627, data: 0.078) loss: 0.693 
(epoch: 30, iters: 78, time: 2.602, data: 0.075) loss: 0.693 
saving the model at the end of epoch 30, iters 2340
End of epoch 30 / 60 	, Time Taken: 208 sec, Loss: 0.693
learning rate = 0.0010000
Running Test
loaded mean / std from cache
loading the model from ./checkpoints/Nodule-98-30K-4/latest_net.pth
epoch: 30, TEST ACC: [45.00%], LOSS: 0.697

saving the latest model (epoch 31, total_steps 2341)
(epoch: 31, iters: 10, time: 2.651, data: 0.324) loss: 0.692 
(epoch: 31, iters: 20, time: 2.628, data: 0.000) loss: 0.689 
(epoch: 31, iters: 30, time: 2.629, data: 0.000) loss: 0.686 
(epoch: 31, iters: 40, time: 2.737, data: 0.000) loss: 0.683 
(epoch: 31, iters: 50, time: 2.651, data: 0.000) loss: 0.707 
(epoch: 31, iters: 60, time: 2.645, data: 0.000) loss: 0.708 
(epoch: 31, iters: 70, time: 2.657, data: 0.000) loss: 0.704 
saving the model at the end of epoch 31, iters 2418
End of epoch 31 / 60 	, Time Taken: 208 sec, Loss: 0.700
learning rate = 0.0010000
Running Test
loaded mean / std from cache
loading the model from ./checkpoints/Nodule-98-30K-4/latest_net.pth
epoch: 31, TEST ACC: [45.00%], LOSS: 0.696

saving the latest model (epoch 32, total_steps 2419)
(epoch: 32, iters: 2, time: 2.636, data: 0.037) loss: 0.688 
(epoch: 32, iters: 12, time: 2.642, data: 0.013) loss: 0.694 
(epoch: 32, iters: 22, time: 2.697, data: 0.000) loss: 0.691 
(epoch: 32, iters: 32, time: 2.619, data: 0.000) loss: 0.687 
(epoch: 32, iters: 42, time: 2.635, data: 0.000) loss: 0.703 
(epoch: 32, iters: 52, time: 2.651, data: 0.000) loss: 0.684 
(epoch: 32, iters: 62, time: 2.660, data: 0.014) loss: 0.685 
(epoch: 32, iters: 72, time: 2.650, data: 0.000) loss: 0.687 
saving the model at the end of epoch 32, iters 2496
End of epoch 32 / 60 	, Time Taken: 207 sec, Loss: 0.698
learning rate = 0.0010000
Running Test
loaded mean / std from cache
loading the model from ./checkpoints/Nodule-98-30K-4/latest_net.pth
epoch: 32, TEST ACC: [50.00%], LOSS: 0.701

saving the latest model (epoch 33, total_steps 2497)
(epoch: 33, iters: 4, time: 2.613, data: 0.000) loss: 0.691 
(epoch: 33, iters: 14, time: 2.647, data: 0.052) loss: 0.692 
(epoch: 33, iters: 24, time: 2.620, data: 0.000) loss: 0.689 
(epoch: 33, iters: 34, time: 2.651, data: 0.000) loss: 0.688 
(epoch: 33, iters: 44, time: 2.632, data: 0.000) loss: 0.700 
(epoch: 33, iters: 54, time: 2.723, data: 0.000) loss: 0.699 
(epoch: 33, iters: 64, time: 2.620, data: 0.039) loss: 0.699 
(epoch: 33, iters: 74, time: 2.619, data: 0.000) loss: 0.690 
saving the model at the end of epoch 33, iters 2574
End of epoch 33 / 60 	, Time Taken: 208 sec, Loss: 0.695
learning rate = 0.0010000
Running Test
loaded mean / std from cache
loading the model from ./checkpoints/Nodule-98-30K-4/latest_net.pth
epoch: 33, TEST ACC: [55.00%], LOSS: 0.698

saving the latest model (epoch 34, total_steps 2575)
(epoch: 34, iters: 6, time: 2.623, data: 0.000) loss: 0.694 
(epoch: 34, iters: 16, time: 2.655, data: 0.000) loss: 0.693 
(epoch: 34, iters: 26, time: 2.632, data: 0.043) loss: 0.694 
(epoch: 34, iters: 36, time: 2.679, data: 0.060) loss: 0.691 
(epoch: 34, iters: 46, time: 2.668, data: 0.000) loss: 0.696 
(epoch: 34, iters: 56, time: 2.636, data: 0.015) loss: 0.690 
(epoch: 34, iters: 66, time: 2.638, data: 0.000) loss: 0.692 
(epoch: 34, iters: 76, time: 2.618, data: 0.034) loss: 0.694 
saving the model at the end of epoch 34, iters 2652
End of epoch 34 / 60 	, Time Taken: 207 sec, Loss: 0.694
learning rate = 0.0010000
Running Test
loaded mean / std from cache
loading the model from ./checkpoints/Nodule-98-30K-4/latest_net.pth
epoch: 34, TEST ACC: [45.00%], LOSS: 0.696

saving the latest model (epoch 35, total_steps 2653)
(epoch: 35, iters: 8, time: 2.615, data: 0.010) loss: 0.693 
(epoch: 35, iters: 18, time: 2.655, data: 0.037) loss: 0.692 
(epoch: 35, iters: 28, time: 2.669, data: 0.071) loss: 0.696 
(epoch: 35, iters: 38, time: 2.629, data: 0.000) loss: 0.696 
(epoch: 35, iters: 48, time: 2.632, data: 0.013) loss: 0.690 
(epoch: 35, iters: 58, time: 2.633, data: 0.000) loss: 0.692 
(epoch: 35, iters: 68, time: 2.641, data: 0.014) loss: 0.691 
(epoch: 35, iters: 78, time: 2.619, data: 0.000) loss: 0.692 
saving the model at the end of epoch 35, iters 2730
End of epoch 35 / 60 	, Time Taken: 208 sec, Loss: 0.692
learning rate = 0.0010000
Running Test
loaded mean / std from cache
loading the model from ./checkpoints/Nodule-98-30K-4/latest_net.pth
epoch: 35, TEST ACC: [50.00%], LOSS: 0.698

saving the latest model (epoch 36, total_steps 2731)
(epoch: 36, iters: 10, time: 2.718, data: 0.218) loss: 0.693 
(epoch: 36, iters: 20, time: 2.632, data: 0.000) loss: 0.694 
(epoch: 36, iters: 30, time: 2.648, data: 0.000) loss: 0.692 
(epoch: 36, iters: 40, time: 2.628, data: 0.000) loss: 0.694 
(epoch: 36, iters: 50, time: 2.634, data: 0.070) loss: 0.694 
(epoch: 36, iters: 60, time: 2.679, data: 0.000) loss: 0.693 
(epoch: 36, iters: 70, time: 2.616, data: 0.014) loss: 0.694 
saving the model at the end of epoch 36, iters 2808
End of epoch 36 / 60 	, Time Taken: 208 sec, Loss: 0.694
learning rate = 0.0010000
Running Test
loaded mean / std from cache
loading the model from ./checkpoints/Nodule-98-30K-4/latest_net.pth
epoch: 36, TEST ACC: [50.00%], LOSS: 0.697

saving the latest model (epoch 37, total_steps 2809)
(epoch: 37, iters: 2, time: 2.664, data: 0.014) loss: 0.694 
(epoch: 37, iters: 12, time: 2.623, data: 0.015) loss: 0.694 
(epoch: 37, iters: 22, time: 2.597, data: 0.000) loss: 0.693 
(epoch: 37, iters: 32, time: 2.617, data: 0.000) loss: 0.693 
(epoch: 37, iters: 42, time: 2.687, data: 0.000) loss: 0.694 
(epoch: 37, iters: 52, time: 2.630, data: 0.069) loss: 0.694 
(epoch: 37, iters: 62, time: 2.621, data: 0.000) loss: 0.692 
(epoch: 37, iters: 72, time: 2.647, data: 0.000) loss: 0.693 
saving the model at the end of epoch 37, iters 2886
End of epoch 37 / 60 	, Time Taken: 207 sec, Loss: 0.694
learning rate = 0.0010000
Running Test
loaded mean / std from cache
loading the model from ./checkpoints/Nodule-98-30K-4/latest_net.pth
epoch: 37, TEST ACC: [50.00%], LOSS: 0.697

saving the latest model (epoch 38, total_steps 2887)
(epoch: 38, iters: 4, time: 2.641, data: 0.013) loss: 0.693 
(epoch: 38, iters: 14, time: 2.645, data: 0.081) loss: 0.693 
(epoch: 38, iters: 24, time: 2.726, data: 0.014) loss: 0.695 
(epoch: 38, iters: 34, time: 2.643, data: 0.000) loss: 0.690 
(epoch: 38, iters: 44, time: 2.625, data: 0.000) loss: 0.697 
(epoch: 38, iters: 54, time: 2.615, data: 0.014) loss: 0.693 
(epoch: 38, iters: 64, time: 2.686, data: 0.071) loss: 0.692 
(epoch: 38, iters: 74, time: 2.623, data: 0.000) loss: 0.694 
saving the model at the end of epoch 38, iters 2964
End of epoch 38 / 60 	, Time Taken: 207 sec, Loss: 0.694
learning rate = 0.0010000
Running Test
loaded mean / std from cache
loading the model from ./checkpoints/Nodule-98-30K-4/latest_net.pth
epoch: 38, TEST ACC: [50.00%], LOSS: 0.698

saving the latest model (epoch 39, total_steps 2965)
(epoch: 39, iters: 6, time: 2.636, data: 0.021) loss: 0.692 
(epoch: 39, iters: 16, time: 2.674, data: 0.023) loss: 0.695 
(epoch: 39, iters: 26, time: 2.618, data: 0.034) loss: 0.690 
(epoch: 39, iters: 36, time: 2.601, data: 0.000) loss: 0.695 
(epoch: 39, iters: 46, time: 2.650, data: 0.000) loss: 0.695 
(epoch: 39, iters: 56, time: 2.691, data: 0.022) loss: 0.696 
(epoch: 39, iters: 66, time: 2.607, data: 0.071) loss: 0.691 
(epoch: 39, iters: 76, time: 2.614, data: 0.056) loss: 0.695 
saving the model at the end of epoch 39, iters 3042
End of epoch 39 / 60 	, Time Taken: 207 sec, Loss: 0.695
learning rate = 0.0010000
Running Test
loaded mean / std from cache
loading the model from ./checkpoints/Nodule-98-30K-4/latest_net.pth
epoch: 39, TEST ACC: [45.00%], LOSS: 0.696

saving the latest model (epoch 40, total_steps 3043)
(epoch: 40, iters: 8, time: 2.651, data: 0.000) loss: 0.694 
(epoch: 40, iters: 18, time: 2.640, data: 0.036) loss: 0.693 
(epoch: 40, iters: 28, time: 2.626, data: 0.000) loss: 0.694 
(epoch: 40, iters: 38, time: 2.627, data: 0.035) loss: 0.693 
(epoch: 40, iters: 48, time: 2.646, data: 0.000) loss: 0.693 
(epoch: 40, iters: 58, time: 2.616, data: 0.000) loss: 0.692 
(epoch: 40, iters: 68, time: 2.616, data: 0.000) loss: 0.690 
(epoch: 40, iters: 78, time: 2.609, data: 0.000) loss: 0.696 
saving the model at the end of epoch 40, iters 3120
End of epoch 40 / 60 	, Time Taken: 207 sec, Loss: 0.696
learning rate = 0.0010000
Running Test
loaded mean / std from cache
loading the model from ./checkpoints/Nodule-98-30K-4/latest_net.pth
epoch: 40, TEST ACC: [50.00%], LOSS: 0.697

slurmstepd: error: *** JOB 17892 ON dionisio CANCELLED AT 2022-07-03T21:05:38 ***
