Running Test
loaded mean / std from cache
loading the model from ./checkpoints/Nodule-98-30K-5rev/latest_net.pth
Mesh         Prediction    Actual
-----------  ------------  --------
110-Izq.obj  nodule        nodule
117-Izq.obj  nonodule      nodule
161-Izq.obj  nonodule      nodule
216-Izq.obj  nodule        nodule
229-Izq.obj  nonodule      nodule
346-Izq.obj  nodule        nodule
456-Izq.obj  nodule        nodule
475-Izq.obj  nodule        nodule
564-Izq.obj  nonodule      nodule
95-Izq.obj   nonodule      nodule
1-Izq.obj    nonodule      nonodule
15-Izq.obj   nodule        nonodule
19-Izq.obj   nonodule      nonodule
21-Izq.obj   nodule        nonodule
22-Izq.obj   nonodule      nonodule
23-Izq.obj   nonodule      nonodule
35-Izq.obj   nonodule      nonodule
43-Izq.obj   nonodule      nonodule
50-Izq.obj   nodule        nonodule
7-Izq.obj    nodule        nonodule
Reporte de clasificación:
              precision    recall  f1-score   support

      nodule       0.56      0.50      0.53        10
    nonodule       0.55      0.60      0.57        10

    accuracy                           0.55        20
   macro avg       0.55      0.55      0.55        20
weighted avg       0.55      0.55      0.55        20

epoch: -1, TEST ACC: [55.00%], LOSS: 0.708

