------------ Options -------------
amsgrad: False
arch: mconvnet
batch_size: 1
beta1: 0.9
checkpoints_dir: ./checkpoints
continue_train: False
dataroot: ./data/datasets/Nodule-50-30K
dataset_mode: classification
dropout: 0
epoch_count: 1
export_folder: 
fc_n: [1024, 512]
flip_edges: 0.2
gpu_ids: [0]
init_gain: 0.02
init_type: normal
is_train: True
lr: 0.0002
lr_decay_iters: 50
lr_policy: lambda
max_dataset_size: inf
name: Nodule-50-30K-7
ncf: [4, 8, 64, 128, 256]
ninput_edges: 30000
niter: 100
niter_decay: 100
no_vis: False
norm: group
num_aug: 2
num_groups: 1
num_threads: 2
phase: train
plus: True
pool_res: [20000, 15000, 13000, 8000, 7500]
print_freq: 10
resblocks: 0
run_test_freq: 1
save_epoch_freq: 1
save_latest_freq: 250
scale_verts: False
seed: None
serial_batches: False
slide_verts: 0.2
verbose_plot: False
which_epoch: latest
-------------- End ----------------
MeshCNN layers: Using sparse pooling
loaded mean / std from cache
#training meshes = 40
Using distributed classifier model with AdamW optimizer, GPU 0
---------- Network initialized -------------
[Network] Total number of parameters : 0.998 M
-----------------------------------------------
saving the latest model (epoch 1, total_steps 1)
(epoch: 1, iters: 10, time: 31.184, data: 0.306) loss: 0.951 
(epoch: 1, iters: 20, time: 31.219, data: 0.022) loss: 0.657 
(epoch: 1, iters: 30, time: 31.290, data: 0.019) loss: 0.745 
(epoch: 1, iters: 40, time: 31.397, data: 0.020) loss: 0.693 
saving the model at the end of epoch 1, iters 40
End of epoch 1 / 200 	 Time Taken: 1260 sec
learning rate = 0.0002000
Running Validation
loaded mean / std from cache
Traceback (most recent call last):
  File "./networks/MeshCNNPlus/development/train.py", line 91, in <module>
    train(local_rank,numGPUs, opt)
  File "./networks/MeshCNNPlus/development/train.py", line 71, in train
    acc = run_validation(model, epoch)
  File "/mnt/homeGPU/vlugli/tfg/networks/MeshCNNPlus/development/test.py", line 45, in run_validation
    acc = test_model(model, opt, dataset, epoch)
  File "/mnt/homeGPU/vlugli/tfg/networks/MeshCNNPlus/development/test.py", line 29, in test_model
    writer.print_acc(epoch, writer.acc, loss, writer.classAcc)
AttributeError: 'Writer' object has no attribute 'classAcc'
