------------ Options -------------
amsgrad: True
arch: mconvnet
batch_size: 1
beta1: 0.9
checkpoints_dir: ./checkpoints
continue_train: False
csv: True
dataroot: ./data/datasets/Nodule-98-30K
dataset_mode: classification
dropout: [0.25, 0.25, 0.25]
epoch_count: 1
export_folder: 
fc_n: [2042, 512, 128]
flip_edges: 0
gpu_ids: [0]
init_gain: 0.02
init_type: normal
is_train: True
lr: 0.0002
lr_decay_iters: 50
lr_policy: lambda
max_dataset_size: inf
name: Nodule-98-30K-5rev
ncf: [32, 64, 256, 256]
ninput_edges: 30000
niter: 50
niter_decay: 10
no_vis: False
norm: batch
num_aug: 10
num_groups: 16
num_threads: 3
optimizer: adam
phase: train
plus: False
pool_res: [20000, 15000, 10000, 5000]
print_freq: 9999
resblocks: 3
run_test_freq: 9999
save_epoch_freq: 1
save_latest_freq: 250
scale_verts: False
seed: 16
serial_batches: False
slide_verts: 0
validation: True
verbose_plot: False
verbose_train: True
which_epoch: latest
-------------- End ----------------
loaded mean / std from cache
#training meshes = 66
---------- Network initialized -------------
[Network] Total number of parameters : 4.105 M
-----------------------------------------------
saving the latest model (epoch 1, total_steps 1)
loaded mean / std from cache
saving the model at the end of epoch 1, iters 66
learning rate = 0.0002000
Epoch 1/60 | time: 486.7019 - train_acc: 50.00% - train_loss: 0.7004 - val_acc: 50.00% - val_loss: 0.6960
saving the latest model (epoch 2, total_steps 67)
loaded mean / std from cache
saving the model at the end of epoch 2, iters 132
learning rate = 0.0002000
Epoch 2/60 | time: 486.6372 - train_acc: 50.00% - train_loss: 0.6955 - val_acc: 50.00% - val_loss: 0.6980
saving the latest model (epoch 3, total_steps 133)
loaded mean / std from cache
saving the model at the end of epoch 3, iters 198
learning rate = 0.0002000
Epoch 3/60 | time: 487.1757 - train_acc: 50.00% - train_loss: 0.6968 - val_acc: 41.67% - val_loss: 0.6949
saving the latest model (epoch 4, total_steps 199)
loaded mean / std from cache
saving the model at the end of epoch 4, iters 264
learning rate = 0.0002000
Epoch 4/60 | time: 485.9564 - train_acc: 50.00% - train_loss: 0.6974 - val_acc: 50.00% - val_loss: 0.6932
saving the latest model (epoch 5, total_steps 265)
loaded mean / std from cache
saving the model at the end of epoch 5, iters 330
learning rate = 0.0002000
Epoch 5/60 | time: 484.9385 - train_acc: 50.00% - train_loss: 0.6935 - val_acc: 50.00% - val_loss: 0.6927
saving the latest model (epoch 6, total_steps 331)
loaded mean / std from cache
saving the model at the end of epoch 6, iters 396
learning rate = 0.0002000
Epoch 6/60 | time: 485.7889 - train_acc: 46.97% - train_loss: 0.6942 - val_acc: 50.00% - val_loss: 0.6946
saving the latest model (epoch 7, total_steps 397)
loaded mean / std from cache
saving the model at the end of epoch 7, iters 462
learning rate = 0.0002000
Epoch 7/60 | time: 486.0159 - train_acc: 48.48% - train_loss: 0.6944 - val_acc: 50.00% - val_loss: 0.6973
saving the latest model (epoch 8, total_steps 463)
loaded mean / std from cache
saving the model at the end of epoch 8, iters 528
learning rate = 0.0002000
Epoch 8/60 | time: 485.4454 - train_acc: 48.48% - train_loss: 0.6957 - val_acc: 58.33% - val_loss: 0.6909
saving the latest model (epoch 9, total_steps 529)
loaded mean / std from cache
saving the model at the end of epoch 9, iters 594
learning rate = 0.0002000
Epoch 9/60 | time: 485.5419 - train_acc: 46.97% - train_loss: 0.6952 - val_acc: 41.67% - val_loss: 0.6956
saving the latest model (epoch 10, total_steps 595)
loaded mean / std from cache
saving the model at the end of epoch 10, iters 660
learning rate = 0.0002000
Epoch 10/60 | time: 484.0746 - train_acc: 48.48% - train_loss: 0.6932 - val_acc: 50.00% - val_loss: 0.6941
saving the latest model (epoch 11, total_steps 661)
loaded mean / std from cache
saving the model at the end of epoch 11, iters 726
learning rate = 0.0002000
Epoch 11/60 | time: 483.7539 - train_acc: 51.52% - train_loss: 0.6973 - val_acc: 50.00% - val_loss: 0.6917
saving the latest model (epoch 12, total_steps 727)
loaded mean / std from cache
saving the model at the end of epoch 12, iters 792
learning rate = 0.0002000
Epoch 12/60 | time: 484.6813 - train_acc: 50.00% - train_loss: 0.6932 - val_acc: 50.00% - val_loss: 0.6922
saving the latest model (epoch 13, total_steps 793)
loaded mean / std from cache
saving the model at the end of epoch 13, iters 858
learning rate = 0.0002000
Epoch 13/60 | time: 484.3245 - train_acc: 48.48% - train_loss: 0.6932 - val_acc: 50.00% - val_loss: 0.6942
saving the latest model (epoch 14, total_steps 859)
loaded mean / std from cache
saving the model at the end of epoch 14, iters 924
learning rate = 0.0002000
Epoch 14/60 | time: 486.5492 - train_acc: 50.00% - train_loss: 0.6948 - val_acc: 50.00% - val_loss: 0.6936
saving the latest model (epoch 15, total_steps 925)
loaded mean / std from cache
saving the model at the end of epoch 15, iters 990
learning rate = 0.0002000
Epoch 15/60 | time: 487.0220 - train_acc: 51.52% - train_loss: 0.6945 - val_acc: 50.00% - val_loss: 0.6935
saving the latest model (epoch 16, total_steps 991)
loaded mean / std from cache
saving the model at the end of epoch 16, iters 1056
learning rate = 0.0002000
Epoch 16/60 | time: 488.4925 - train_acc: 48.48% - train_loss: 0.6939 - val_acc: 58.33% - val_loss: 0.6927
saving the latest model (epoch 17, total_steps 1057)
loaded mean / std from cache
saving the model at the end of epoch 17, iters 1122
learning rate = 0.0002000
Epoch 17/60 | time: 487.1231 - train_acc: 50.00% - train_loss: 0.6927 - val_acc: 50.00% - val_loss: 0.6924
saving the latest model (epoch 18, total_steps 1123)
loaded mean / std from cache
saving the model at the end of epoch 18, iters 1188
learning rate = 0.0002000
Epoch 18/60 | time: 486.7503 - train_acc: 53.03% - train_loss: 0.6930 - val_acc: 50.00% - val_loss: 0.6899
saving the latest model (epoch 19, total_steps 1189)
loaded mean / std from cache
saving the model at the end of epoch 19, iters 1254
learning rate = 0.0002000
Epoch 19/60 | time: 486.3190 - train_acc: 50.00% - train_loss: 0.6950 - val_acc: 50.00% - val_loss: 0.6939
saving the latest model (epoch 20, total_steps 1255)
loaded mean / std from cache
saving the model at the end of epoch 20, iters 1320
learning rate = 0.0002000
Epoch 20/60 | time: 484.9005 - train_acc: 50.00% - train_loss: 0.6931 - val_acc: 50.00% - val_loss: 0.6933
saving the latest model (epoch 21, total_steps 1321)
loaded mean / std from cache
saving the model at the end of epoch 21, iters 1386
learning rate = 0.0002000
Epoch 21/60 | time: 485.5392 - train_acc: 50.00% - train_loss: 0.6924 - val_acc: 50.00% - val_loss: 0.6946
saving the latest model (epoch 22, total_steps 1387)
loaded mean / std from cache
saving the model at the end of epoch 22, iters 1452
learning rate = 0.0002000
Epoch 22/60 | time: 485.9052 - train_acc: 50.00% - train_loss: 0.6936 - val_acc: 50.00% - val_loss: 0.6941
saving the latest model (epoch 23, total_steps 1453)
loaded mean / std from cache
saving the model at the end of epoch 23, iters 1518
learning rate = 0.0002000
Epoch 23/60 | time: 484.3617 - train_acc: 50.00% - train_loss: 0.6936 - val_acc: 50.00% - val_loss: 0.6924
saving the latest model (epoch 24, total_steps 1519)
loaded mean / std from cache
saving the model at the end of epoch 24, iters 1584
learning rate = 0.0002000
Epoch 24/60 | time: 485.1580 - train_acc: 50.00% - train_loss: 0.6945 - val_acc: 50.00% - val_loss: 0.6962
saving the latest model (epoch 25, total_steps 1585)
loaded mean / std from cache
saving the model at the end of epoch 25, iters 1650
learning rate = 0.0002000
Epoch 25/60 | time: 482.6832 - train_acc: 50.00% - train_loss: 0.6941 - val_acc: 50.00% - val_loss: 0.6928
saving the latest model (epoch 26, total_steps 1651)
loaded mean / std from cache
saving the model at the end of epoch 26, iters 1716
learning rate = 0.0002000
Epoch 26/60 | time: 481.8472 - train_acc: 50.00% - train_loss: 0.6939 - val_acc: 50.00% - val_loss: 0.6911
saving the latest model (epoch 27, total_steps 1717)
loaded mean / std from cache
saving the model at the end of epoch 27, iters 1782
learning rate = 0.0002000
Epoch 27/60 | time: 484.2725 - train_acc: 50.00% - train_loss: 0.6934 - val_acc: 50.00% - val_loss: 0.6910
saving the latest model (epoch 28, total_steps 1783)
loaded mean / std from cache
saving the model at the end of epoch 28, iters 1848
learning rate = 0.0002000
Epoch 28/60 | time: 488.3645 - train_acc: 50.00% - train_loss: 0.6934 - val_acc: 50.00% - val_loss: 0.6909
saving the latest model (epoch 29, total_steps 1849)
loaded mean / std from cache
saving the model at the end of epoch 29, iters 1914
learning rate = 0.0002000
Epoch 29/60 | time: 486.1721 - train_acc: 50.00% - train_loss: 0.6939 - val_acc: 50.00% - val_loss: 0.6940
saving the latest model (epoch 30, total_steps 1915)
loaded mean / std from cache
saving the model at the end of epoch 30, iters 1980
learning rate = 0.0002000
Epoch 30/60 | time: 484.3038 - train_acc: 50.00% - train_loss: 0.6933 - val_acc: 50.00% - val_loss: 0.6937
saving the latest model (epoch 31, total_steps 1981)
loaded mean / std from cache
saving the model at the end of epoch 31, iters 2046
learning rate = 0.0002000
Epoch 31/60 | time: 485.8598 - train_acc: 50.00% - train_loss: 0.6920 - val_acc: 50.00% - val_loss: 0.6922
saving the latest model (epoch 32, total_steps 2047)
loaded mean / std from cache
saving the model at the end of epoch 32, iters 2112
learning rate = 0.0002000
Epoch 32/60 | time: 489.3828 - train_acc: 50.00% - train_loss: 0.6948 - val_acc: 50.00% - val_loss: 0.6996
saving the latest model (epoch 33, total_steps 2113)
loaded mean / std from cache
saving the model at the end of epoch 33, iters 2178
learning rate = 0.0002000
Epoch 33/60 | time: 491.0980 - train_acc: 53.03% - train_loss: 0.6968 - val_acc: 25.00% - val_loss: 0.6972
saving the latest model (epoch 34, total_steps 2179)
loaded mean / std from cache
saving the model at the end of epoch 34, iters 2244
learning rate = 0.0002000
Epoch 34/60 | time: 491.8119 - train_acc: 53.03% - train_loss: 0.6964 - val_acc: 58.33% - val_loss: 0.6934
saving the latest model (epoch 35, total_steps 2245)
loaded mean / std from cache
saving the model at the end of epoch 35, iters 2310
learning rate = 0.0002000
Epoch 35/60 | time: 492.1730 - train_acc: 40.91% - train_loss: 0.6934 - val_acc: 83.33% - val_loss: 0.6888
saving the latest model (epoch 36, total_steps 2311)
loaded mean / std from cache
saving the model at the end of epoch 36, iters 2376
learning rate = 0.0002000
Epoch 36/60 | time: 491.2064 - train_acc: 57.58% - train_loss: 0.6940 - val_acc: 58.33% - val_loss: 0.6921
saving the latest model (epoch 37, total_steps 2377)
loaded mean / std from cache
saving the model at the end of epoch 37, iters 2442
learning rate = 0.0002000
Epoch 37/60 | time: 491.2389 - train_acc: 51.52% - train_loss: 0.6933 - val_acc: 58.33% - val_loss: 0.6923
saving the latest model (epoch 38, total_steps 2443)
loaded mean / std from cache
saving the model at the end of epoch 38, iters 2508
learning rate = 0.0002000
Epoch 38/60 | time: 492.1504 - train_acc: 62.12% - train_loss: 0.6925 - val_acc: 33.33% - val_loss: 0.6932
saving the latest model (epoch 39, total_steps 2509)
loaded mean / std from cache
saving the model at the end of epoch 39, iters 2574
learning rate = 0.0002000
Epoch 39/60 | time: 493.1486 - train_acc: 45.45% - train_loss: 0.6928 - val_acc: 50.00% - val_loss: 0.6943
saving the latest model (epoch 40, total_steps 2575)
loaded mean / std from cache
saving the model at the end of epoch 40, iters 2640
learning rate = 0.0002000
Epoch 40/60 | time: 492.0813 - train_acc: 56.06% - train_loss: 0.6953 - val_acc: 33.33% - val_loss: 0.6947
saving the latest model (epoch 41, total_steps 2641)
loaded mean / std from cache
saving the model at the end of epoch 41, iters 2706
learning rate = 0.0002000
Epoch 41/60 | time: 490.7632 - train_acc: 48.48% - train_loss: 0.6932 - val_acc: 83.33% - val_loss: 0.6901
saving the latest model (epoch 42, total_steps 2707)
loaded mean / std from cache
saving the model at the end of epoch 42, iters 2772
learning rate = 0.0002000
Epoch 42/60 | time: 487.2845 - train_acc: 48.48% - train_loss: 0.6924 - val_acc: 41.67% - val_loss: 0.6935
saving the latest model (epoch 43, total_steps 2773)
loaded mean / std from cache
saving the model at the end of epoch 43, iters 2838
learning rate = 0.0002000
Epoch 43/60 | time: 484.5909 - train_acc: 60.61% - train_loss: 0.6921 - val_acc: 66.67% - val_loss: 0.6887
saving the latest model (epoch 44, total_steps 2839)
loaded mean / std from cache
saving the model at the end of epoch 44, iters 2904
learning rate = 0.0002000
Epoch 44/60 | time: 483.9992 - train_acc: 48.48% - train_loss: 0.6960 - val_acc: 83.33% - val_loss: 0.6892
saving the latest model (epoch 45, total_steps 2905)
loaded mean / std from cache
saving the model at the end of epoch 45, iters 2970
learning rate = 0.0002000
Epoch 45/60 | time: 486.0060 - train_acc: 50.00% - train_loss: 0.6903 - val_acc: 58.33% - val_loss: 0.6840
saving the latest model (epoch 46, total_steps 2971)
loaded mean / std from cache
saving the model at the end of epoch 46, iters 3036
learning rate = 0.0002000
Epoch 46/60 | time: 488.1429 - train_acc: 50.00% - train_loss: 0.6938 - val_acc: 50.00% - val_loss: 0.6931
saving the latest model (epoch 47, total_steps 3037)
loaded mean / std from cache
saving the model at the end of epoch 47, iters 3102
learning rate = 0.0002000
Epoch 47/60 | time: 486.1495 - train_acc: 48.48% - train_loss: 0.6987 - val_acc: 50.00% - val_loss: 0.6921
saving the latest model (epoch 48, total_steps 3103)
loaded mean / std from cache
saving the model at the end of epoch 48, iters 3168
learning rate = 0.0002000
Epoch 48/60 | time: 488.1608 - train_acc: 48.48% - train_loss: 0.6932 - val_acc: 50.00% - val_loss: 0.6931
saving the latest model (epoch 49, total_steps 3169)
loaded mean / std from cache
saving the model at the end of epoch 49, iters 3234
learning rate = 0.0001818
Epoch 49/60 | time: 489.3964 - train_acc: 54.55% - train_loss: 0.6929 - val_acc: 33.33% - val_loss: 0.6942
saving the latest model (epoch 50, total_steps 3235)
loaded mean / std from cache
saving the model at the end of epoch 50, iters 3300
learning rate = 0.0001636
Epoch 50/60 | time: 488.1318 - train_acc: 65.15% - train_loss: 0.6921 - val_acc: 66.67% - val_loss: 0.6900
saving the latest model (epoch 51, total_steps 3301)
loaded mean / std from cache
saving the model at the end of epoch 51, iters 3366
learning rate = 0.0001455
Epoch 51/60 | time: 487.0275 - train_acc: 66.67% - train_loss: 0.6913 - val_acc: 58.33% - val_loss: 0.6899
saving the latest model (epoch 52, total_steps 3367)
loaded mean / std from cache
saving the model at the end of epoch 52, iters 3432
learning rate = 0.0001273
Epoch 52/60 | time: 484.8474 - train_acc: 65.15% - train_loss: 0.6924 - val_acc: 75.00% - val_loss: 0.6804
saving the latest model (epoch 53, total_steps 3433)
loaded mean / std from cache
saving the model at the end of epoch 53, iters 3498
learning rate = 0.0001091
Epoch 53/60 | time: 481.3318 - train_acc: 54.55% - train_loss: 0.6949 - val_acc: 58.33% - val_loss: 0.6835
saving the latest model (epoch 54, total_steps 3499)
loaded mean / std from cache
saving the model at the end of epoch 54, iters 3564
learning rate = 0.0000909
Epoch 54/60 | time: 480.6774 - train_acc: 60.61% - train_loss: 0.6955 - val_acc: 66.67% - val_loss: 0.6859
saving the latest model (epoch 55, total_steps 3565)
loaded mean / std from cache
saving the model at the end of epoch 55, iters 3630
learning rate = 0.0000727
Epoch 55/60 | time: 481.2149 - train_acc: 71.21% - train_loss: 0.6851 - val_acc: 75.00% - val_loss: 0.6748
saving the latest model (epoch 56, total_steps 3631)
loaded mean / std from cache
saving the model at the end of epoch 56, iters 3696
learning rate = 0.0000545
Epoch 56/60 | time: 482.2132 - train_acc: 50.00% - train_loss: 0.6843 - val_acc: 50.00% - val_loss: 0.6884
saving the latest model (epoch 57, total_steps 3697)
loaded mean / std from cache
saving the model at the end of epoch 57, iters 3762
learning rate = 0.0000364
Epoch 57/60 | time: 484.4114 - train_acc: 50.00% - train_loss: 0.6955 - val_acc: 50.00% - val_loss: 0.6843
saving the latest model (epoch 58, total_steps 3763)
loaded mean / std from cache
saving the model at the end of epoch 58, iters 3828
learning rate = 0.0000182
Epoch 58/60 | time: 483.7595 - train_acc: 75.76% - train_loss: 0.6863 - val_acc: 75.00% - val_loss: 0.6767
saving the latest model (epoch 59, total_steps 3829)
loaded mean / std from cache
saving the model at the end of epoch 59, iters 3894
learning rate = 0.0000000
Epoch 59/60 | time: 483.3000 - train_acc: 71.21% - train_loss: 0.6765 - val_acc: 83.33% - val_loss: 0.6788
saving the latest model (epoch 60, total_steps 3895)
loaded mean / std from cache
saving the model at the end of epoch 60, iters 3960
learning rate = -0.0000182
Epoch 60/60 | time: 483.2243 - train_acc: 71.21% - train_loss: 0.6703 - val_acc: 83.33% - val_loss: 0.6754
